# JRE version: Java(TM) SE Runtime Environment (8.0_25-b18) (build 1.8.0_25-b18)
# Java VM: Java HotSpot(TM) 64-Bit Server VM (25.25-b02 mixed mode windows-amd64 compressed oops)
Heap:
 PSYoungGen      total 68096K, used 41394K [0x00000000ead80000, 0x00000000f3080000, 0x0000000100000000)
  eden space 65536K, 61% used [0x00000000ead80000,0x00000000ed490b88,0x00000000eed80000)
  from space 2560K, 54% used [0x00000000eed80000,0x00000000eeedc030,0x00000000ef000000)
  to   space 1536K, 0% used [0x00000000f2f00000,0x00000000f2f00000,0x00000000f3080000)
 ParOldGen       total 44032K, used 16K [0x00000000c0800000, 0x00000000c3300000, 0x00000000ead80000)
  object space 44032K, 0% used [0x00000000c0800000,0x00000000c0804000,0x00000000c3300000)
 Metaspace       used 3365K, capacity 5100K, committed 5376K, reserved 1056768K
  class space    used 330K, capacity 424K, committed 512K, reserved 1048576K
GC Heap History (10 events):
Event: 1.270 GC heap before
{Heap before GC invocations=1 (full 0):
 PSYoungGen      total 18944K, used 16384K [0x00000000ead80000, 0x00000000ec280000, 0x0000000100000000)
  eden space 16384K, 100% used [0x00000000ead80000,0x00000000ebd80000,0x00000000ebd80000)
  from space 2560K, 0% used [0x00000000ec000000,0x00000000ec000000,0x00000000ec280000)
  to   space 2560K, 0% used [0x00000000ebd80000,0x00000000ebd80000,0x00000000ec000000)
 ParOldGen       total 44032K, used 0K [0x00000000c0800000, 0x00000000c3300000, 0x00000000ead80000)
  object space 44032K, 0% used [0x00000000c0800000,0x00000000c0800000,0x00000000c3300000)
 Metaspace       used 3167K, capacity 4972K, committed 5120K, reserved 1056768K
  class space    used 324K, capacity 424K, committed 512K, reserved 1048576K
Event: 1.303 GC heap after
Heap after GC invocations=1 (full 0):
 PSYoungGen      total 18944K, used 1168K [0x00000000ead80000, 0x00000000ed280000, 0x0000000100000000)
  eden space 16384K, 0% used [0x00000000ead80000,0x00000000ead80000,0x00000000ebd80000)
  from space 2560K, 45% used [0x00000000ebd80000,0x00000000ebea4030,0x00000000ec000000)
  to   space 2560K, 0% used [0x00000000ed000000,0x00000000ed000000,0x00000000ed280000)
 ParOldGen       total 44032K, used 0K [0x00000000c0800000, 0x00000000c3300000, 0x00000000ead80000)
  object space 44032K, 0% used [0x00000000c0800000,0x00000000c0800000,0x00000000c3300000)
 Metaspace       used 3167K, capacity 4972K, committed 5120K, reserved 1056768K
  class space    used 324K, capacity 424K, committed 512K, reserved 1048576K
}
Event: 1.485 GC heap before
{Heap before GC invocations=2 (full 0):
 PSYoungGen      total 18944K, used 17552K [0x00000000ead80000, 0x00000000ed280000, 0x0000000100000000)
  eden space 16384K, 100% used [0x00000000ead80000,0x00000000ebd80000,0x00000000ebd80000)
  from space 2560K, 45% used [0x00000000ebd80000,0x00000000ebea4030,0x00000000ec000000)
  to   space 2560K, 0% used [0x00000000ed000000,0x00000000ed000000,0x00000000ed280000)
 ParOldGen       total 44032K, used 0K [0x00000000c0800000, 0x00000000c3300000, 0x00000000ead80000)
  object space 44032K, 0% used [0x00000000c0800000,0x00000000c0800000,0x00000000c3300000)
 Metaspace       used 3178K, capacity 4972K, committed 5120K, reserved 1056768K
  class space    used 324K, capacity 424K, committed 512K, reserved 1048576K
Event: 1.494 GC heap after
Heap after GC invocations=2 (full 0):
 PSYoungGen      total 35328K, used 1360K [0x00000000ead80000, 0x00000000ed280000, 0x0000000100000000)
  eden space 32768K, 0% used [0x00000000ead80000,0x00000000ead80000,0x00000000ecd80000)
  from space 2560K, 53% used [0x00000000ed000000,0x00000000ed154030,0x00000000ed280000)
  to   space 2560K, 0% used [0x00000000ecd80000,0x00000000ecd80000,0x00000000ed000000)
 ParOldGen       total 44032K, used 0K [0x00000000c0800000, 0x00000000c3300000, 0x00000000ead80000)
  object space 44032K, 0% used [0x00000000c0800000,0x00000000c0800000,0x00000000c3300000)
 Metaspace       used 3178K, capacity 4972K, committed 5120K, reserved 1056768K
  class space    used 324K, capacity 424K, committed 512K, reserved 1048576K
}
Event: 1.756 GC heap before
{Heap before GC invocations=3 (full 0):
 PSYoungGen      total 35328K, used 34128K [0x00000000ead80000, 0x00000000ed280000, 0x0000000100000000)
  eden space 32768K, 100% used [0x00000000ead80000,0x00000000ecd80000,0x00000000ecd80000)
  from space 2560K, 53% used [0x00000000ed000000,0x00000000ed154030,0x00000000ed280000)
  to   space 2560K, 0% used [0x00000000ecd80000,0x00000000ecd80000,0x00000000ed000000)
 ParOldGen       total 44032K, used 0K [0x00000000c0800000, 0x00000000c3300000, 0x00000000ead80000)
  object space 44032K, 0% used [0x00000000c0800000,0x00000000c0800000,0x00000000c3300000)
 Metaspace       used 3187K, capacity 4972K, committed 5120K, reserved 1056768K
  class space    used 324K, capacity 424K, committed 512K, reserved 1048576K
Event: 1.765 GC heap after
Heap after GC invocations=3 (full 0):
 PSYoungGen      total 35328K, used 1376K [0x00000000ead80000, 0x00000000ef280000, 0x0000000100000000)
  eden space 32768K, 0% used [0x00000000ead80000,0x00000000ead80000,0x00000000ecd80000)
  from space 2560K, 53% used [0x00000000ecd80000,0x00000000eced8020,0x00000000ed000000)
  to   space 2560K, 0% used [0x00000000ef000000,0x00000000ef000000,0x00000000ef280000)
 ParOldGen       total 44032K, used 8K [0x00000000c0800000, 0x00000000c3300000, 0x00000000ead80000)
  object space 44032K, 0% used [0x00000000c0800000,0x00000000c0802000,0x00000000c3300000)
 Metaspace       used 3187K, capacity 4972K, committed 5120K, reserved 1056768K
  class space    used 324K, capacity 424K, committed 512K, reserved 1048576K
}
Event: 1.935 GC heap before
{Heap before GC invocations=4 (full 0):
 PSYoungGen      total 35328K, used 34144K [0x00000000ead80000, 0x00000000ef280000, 0x0000000100000000)
  eden space 32768K, 100% used [0x00000000ead80000,0x00000000ecd80000,0x00000000ecd80000)
  from space 2560K, 53% used [0x00000000ecd80000,0x00000000eced8020,0x00000000ed000000)
  to   space 2560K, 0% used [0x00000000ef000000,0x00000000ef000000,0x00000000ef280000)
 ParOldGen       total 44032K, used 8K [0x00000000c0800000, 0x00000000c3300000, 0x00000000ead80000)
  object space 44032K, 0% used [0x00000000c0800000,0x00000000c0802000,0x00000000c3300000)
 Metaspace       used 3189K, capacity 4972K, committed 5120K, reserved 1056768K
  class space    used 324K, capacity 424K, committed 512K, reserved 1048576K
Event: 1.951 GC heap after
Heap after GC invocations=4 (full 0):
 PSYoungGen      total 68096K, used 1424K [0x00000000ead80000, 0x00000000ef280000, 0x0000000100000000)
  eden space 65536K, 0% used [0x00000000ead80000,0x00000000ead80000,0x00000000eed80000)
  from space 2560K, 55% used [0x00000000ef000000,0x00000000ef164030,0x00000000ef280000)
  to   space 2560K, 0% used [0x00000000eed80000,0x00000000eed80000,0x00000000ef000000)
 ParOldGen       total 44032K, used 16K [0x00000000c0800000, 0x00000000c3300000, 0x00000000ead80000)
  object space 44032K, 0% used [0x00000000c0800000,0x00000000c0804000,0x00000000c3300000)
 Metaspace       used 3189K, capacity 4972K, committed 5120K, reserved 1056768K
  class space    used 324K, capacity 424K, committed 512K, reserved 1048576K
}
Event: 2.281 GC heap before
{Heap before GC invocations=5 (full 0):
 PSYoungGen      total 68096K, used 66960K [0x00000000ead80000, 0x00000000ef280000, 0x0000000100000000)
  eden space 65536K, 100% used [0x00000000ead80000,0x00000000eed80000,0x00000000eed80000)
  from space 2560K, 55% used [0x00000000ef000000,0x00000000ef164030,0x00000000ef280000)
  to   space 2560K, 0% used [0x00000000eed80000,0x00000000eed80000,0x00000000ef000000)
 ParOldGen       total 44032K, used 16K [0x00000000c0800000, 0x00000000c3300000, 0x00000000ead80000)
  object space 44032K, 0% used [0x00000000c0800000,0x00000000c0804000,0x00000000c3300000)
 Metaspace       used 3205K, capacity 4972K, committed 5120K, reserved 1056768K
  class space    used 324K, capacity 424K, committed 512K, reserved 1048576K
Event: 2.301 GC heap after
Heap after GC invocations=5 (full 0):
 PSYoungGen      total 68096K, used 1392K [0x00000000ead80000, 0x00000000f3080000, 0x0000000100000000)
  eden space 65536K, 0% used [0x00000000ead80000,0x00000000ead80000,0x00000000eed80000)
  from space 2560K, 54% used [0x00000000eed80000,0x00000000eeedc030,0x00000000ef000000)
  to   space 1536K, 0% used [0x00000000f2f00000,0x00000000f2f00000,0x00000000f3080000)
 ParOldGen       total 44032K, used 16K [0x00000000c0800000, 0x00000000c3300000, 0x00000000ead80000)
  object space 44032K, 0% used [0x00000000c0800000,0x00000000c0804000,0x00000000c3300000)
 Metaspace       used 3205K, capacity 4972K, committed 5120K, reserved 1056768K
  class space    used 324K, capacity 424K, committed 512K, reserved 1048576K
}

